<?xml version="1.0" encoding="UTF-8"?>
<!-- Generated by org.testng.reporters.JUnitReportReporter -->
<testsuite hostname="Kop" failures="0" tests="1" name="TH_15_10_2021.TC_CheckXA" time="8.216" errors="0" timestamp="2021-10-15T21:25:47 ICT" skipped="0">
  <testcase classname="TH_15_10_2021.TC_CheckXA" name="getRowNumberByValueTest" time="8.216"/>
  <system-out/>
</testsuite> <!-- TH_15_10_2021.TC_CheckXA -->
