<?xml version="1.0" encoding="UTF-8"?>
<!-- Generated by org.testng.reporters.JUnitReportReporter -->
<testsuite hostname="Kop" failures="0" tests="1" name="TH_16_10_2021_TODAY.TCs_Exercise1" time="8.624" errors="0" timestamp="2021-10-16T11:01:25 ICT" skipped="0">
  <testcase classname="TH_16_10_2021_TODAY.TCs_Exercise1" name="clickSupportLinkTest" time="8.624"/>
  <system-out/>
</testsuite> <!-- TH_16_10_2021_TODAY.TCs_Exercise1 -->
