<?xml version="1.0" encoding="UTF-8"?>
<!-- Generated by org.testng.reporters.JUnitReportReporter -->
<testsuite hostname="Kop" failures="0" tests="1" name="TH_30_10_2021_DDT.TC_LogIn_DataDriven" time="7.936" errors="0" timestamp="2021-10-30T09:14:51 ICT" skipped="0">
  <testcase classname="TH_30_10_2021_DDT.TC_LogIn_DataDriven" name="logInTest" time="7.936"/>
  <system-out/>
</testsuite> <!-- TH_30_10_2021_DDT.TC_LogIn_DataDriven -->
