<?xml version="1.0" encoding="UTF-8"?>
<!-- Generated by org.testng.reporters.JUnitReportReporter -->
<testsuite hostname="Kop" failures="0" tests="1" name="TH_23_10_2021_APPLIED_TESTNG.TCs_Exercise1" time="11.922" errors="0" timestamp="2021-10-30T10:03:50 ICT" skipped="0">
  <testcase classname="TH_23_10_2021_APPLIED_TESTNG.TCs_Exercise1" name="clickRegisterLinkTest" time="11.922"/>
  <system-out/>
</testsuite> <!-- TH_23_10_2021_APPLIED_TESTNG.TCs_Exercise1 -->
