<?xml version="1.0" encoding="UTF-8"?>
<!-- Generated by org.testng.reporters.JUnitReportReporter -->
<testsuite hostname="Kop" failures="0" tests="1" name="testCases.TCs_Exercise_1" time="8.053" errors="0" timestamp="2021-10-30T10:28:59 ICT" skipped="0">
  <testcase classname="testCases.TCs_Exercise_1" name="logInTest" time="8.053"/>
  <system-out/>
</testsuite> <!-- testCases.TCs_Exercise_1 -->
