<?xml version="1.0" encoding="UTF-8"?>
<!-- Generated by org.testng.reporters.JUnitReportReporter -->
<testsuite hostname="Kop" failures="0" tests="1" name="TH_23_10_2021_APPLIED_TESTNG.TCs_Exercise2" time="8.527" errors="0" timestamp="2021-10-23T10:36:12 ICT" skipped="0">
  <testcase classname="TH_23_10_2021_APPLIED_TESTNG.TCs_Exercise2" name="findOneFlightTicketTest" time="8.527"/>
  <system-out/>
</testsuite> <!-- TH_23_10_2021_APPLIED_TESTNG.TCs_Exercise2 -->
