<?xml version="1.0" encoding="UTF-8"?>
<!-- Generated by org.testng.reporters.JUnitReportReporter -->
<testsuite hostname="Kop" failures="0" tests="1" name="TH_15_10_2021.TCs_HandleTableFunctions" time="10.052" errors="0" timestamp="2021-10-15T23:28:53 ICT" skipped="0">
  <testcase classname="TH_15_10_2021.TCs_HandleTableFunctions" name="getRowNumberByValueTest" time="10.052"/>
  <system-out/>
</testsuite> <!-- TH_15_10_2021.TCs_HandleTableFunctions -->
